<?xml version="1.0" encoding="UTF-8"?>
<!-- Generated by org.testng.reporters.JUnitReportReporter -->
<testsuite ignored="0" hostname="DESKTOP-319VPJI" failures="0" tests="2" name="com.jass.catalog.EditAccount" time="12.662" errors="0" timestamp="13 Aug 2019 17:42:50 GMT" skipped="0">
  <testcase classname="com.jass.catalog.EditAccount" name="EditaccountTC_2" time="6.347"/>
  <testcase classname="com.jass.catalog.EditAccount" name="EditaccountTC_1" time="6.315"/>
</testsuite> <!-- com.jass.catalog.EditAccount -->
