<?xml version="1.0" encoding="UTF-8"?>
<!-- Generated by org.testng.reporters.JUnitReportReporter -->
<testsuite ignored="0" hostname="DESKTOP-319VPJI" failures="0" tests="1" name="config.Propertiespractice" time="3.762" errors="0" timestamp="15 Aug 2019 05:20:17 GMT" skipped="0">
  <testcase classname="config.Propertiespractice" name="readProperties" time="3.762"/>
</testsuite> <!-- config.Propertiespractice -->
