<?xml version="1.0" encoding="UTF-8"?>
<!-- Generated by org.testng.reporters.JUnitReportReporter -->
<testsuite ignored="0" hostname="DESKTOP-319VPJI" failures="0" tests="2" name="com.jass.catalog.MavenPractice" time="13.895" errors="0" timestamp="14 Aug 2019 01:01:03 GMT" skipped="0">
  <testcase classname="com.jass.catalog.MavenPractice" name="loginTC_1" time="6.688"/>
  <testcase classname="com.jass.catalog.MavenPractice" name="loginTC_1" time="7.207"/>
</testsuite> <!-- com.jass.catalog.MavenPractice -->
