<?xml version="1.0" encoding="UTF-8"?>
<!-- Generated by org.testng.reporters.JUnitReportReporter -->
<testsuite ignored="0" hostname="DESKTOP-319VPJI" failures="0" tests="2" name="com.jass.catalog.PageFactoryTest" time="10.867" errors="0" timestamp="15 Aug 2019 15:38:31 GMT" skipped="0">
  <testcase classname="com.jass.catalog.PageFactoryTest" name="loginTC_1" time="5.387"/>
  <testcase classname="com.jass.catalog.PageFactoryTest" name="loginTC_1" time="5.480"/>
</testsuite> <!-- com.jass.catalog.PageFactoryTest -->
