<?xml version="1.0" encoding="UTF-8"?>
<!-- Generated by org.testng.reporters.JUnitReportReporter -->
<testsuite ignored="0" hostname="DESKTOP-319VPJI" failures="0" tests="1" name="testData.ReadExceldata" time="7.460" errors="0" timestamp="19 Aug 2019 05:40:37 GMT" skipped="0">
  <testcase classname="testData.ReadExceldata" name="loginTC_1" time="7.460"/>
</testsuite> <!-- testData.ReadExceldata -->
