<?xml version="1.0" encoding="UTF-8"?>
<!-- Generated by org.testng.reporters.JUnitReportReporter -->
<testsuite ignored="0" hostname="DESKTOP-319VPJI" failures="0" tests="4" name="com.jass.catalog.CreateAccount" time="25.036" errors="0" timestamp="13 Aug 2019 17:42:50 GMT" skipped="0">
  <testcase classname="com.jass.catalog.CreateAccount" name="CreateaccountTC_4" time="6.897"/>
  <testcase classname="com.jass.catalog.CreateAccount" name="CreateAccountTC_3" time="6.345"/>
  <testcase classname="com.jass.catalog.CreateAccount" name="CreateAccountTC_2" time="5.032"/>
  <testcase classname="com.jass.catalog.CreateAccount" name="CreateAcoountTC_1" time="6.762"/>
</testsuite> <!-- com.jass.catalog.CreateAccount -->
